<?xml version="1.0" encoding="UTF-8"?>
<!-- Generated by org.testng.reporters.JUnitXMLReporter -->
<testsuite ignored="0" hostname="LAPTOP-23C3JNNS" failures="0" tests="3" name="Test" time="12.528" errors="0" timestamp="2023-09-07T15:07:09 IST">
  <testcase classname="com.AutomationTalks.demoProject.TestClass1" name="Test1" time="3.173"/>
  <testcase classname="com.AutomationTalks.demoProject.TestClass1" name="Test2" time="2.719"/>
  <testcase classname="com.AutomationTalks.demoProject.TestClass1" name="Test3" time="2.778"/>
</testsuite> <!-- Test -->
