<?xml version="1.0" encoding="UTF-8"?>
<!-- Generated by org.testng.reporters.JUnitXMLReporter -->
<testsuite ignored="0" hostname="LAPTOP-23C3JNNS" failures="0" tests="3" name="Test" time="11.556" errors="0" timestamp="2023-09-07T15:08:35 IST">
  <testcase classname="com.AutomationTalks.demoProject.TestClass1" name="Test1" time="2.545"/>
  <testcase classname="com.AutomationTalks.demoProject.TestClass1" name="Test2" time="2.563"/>
  <testcase classname="com.AutomationTalks.demoProject.TestClass1" name="Test3" time="2.598"/>
</testsuite> <!-- Test -->
