<?xml version="1.0" encoding="UTF-8"?>
<testng-results ignored="0" total="3" passed="3" failed="0" skipped="0">
  <reporter-output>
  </reporter-output>
  <suite started-at="2023-09-07T15:08:23 IST" name="Suite" finished-at="2023-09-07T15:08:35 IST" duration-ms="11556">
    <groups>
    </groups>
    <test started-at="2023-09-07T15:08:23 IST" name="Test" finished-at="2023-09-07T15:08:35 IST" duration-ms="11556">
      <class name="com.AutomationTalks.demoProject.TestClass1">
        <test-method is-config="true" signature="launchDriver()[pri:0, instance:com.AutomationTalks.demoProject.TestClass1@6404f418]" started-at="2023-09-07T15:08:23 IST" name="launchDriver" finished-at="2023-09-07T15:08:25 IST" duration-ms="1678" status="PASS">
          <reporter-output>
          </reporter-output>
        </test-method> <!-- launchDriver -->
        <test-method signature="Test1()[pri:0, instance:com.AutomationTalks.demoProject.TestClass1@6404f418]" started-at="2023-09-07T15:08:25 IST" name="Test1" finished-at="2023-09-07T15:08:28 IST" duration-ms="2545" status="PASS">
          <reporter-output>
          </reporter-output>
        </test-method> <!-- Test1 -->
        <test-method is-config="true" signature="quit()[pri:0, instance:com.AutomationTalks.demoProject.TestClass1@6404f418]" started-at="2023-09-07T15:08:28 IST" name="quit" finished-at="2023-09-07T15:08:28 IST" duration-ms="124" status="PASS">
          <reporter-output>
          </reporter-output>
        </test-method> <!-- quit -->
        <test-method is-config="true" signature="launchDriver()[pri:0, instance:com.AutomationTalks.demoProject.TestClass1@6404f418]" started-at="2023-09-07T15:08:28 IST" name="launchDriver" finished-at="2023-09-07T15:08:29 IST" duration-ms="870" status="PASS">
          <reporter-output>
          </reporter-output>
        </test-method> <!-- launchDriver -->
        <test-method signature="Test2()[pri:0, instance:com.AutomationTalks.demoProject.TestClass1@6404f418]" started-at="2023-09-07T15:08:29 IST" name="Test2" finished-at="2023-09-07T15:08:31 IST" duration-ms="2563" status="PASS">
          <reporter-output>
          </reporter-output>
        </test-method> <!-- Test2 -->
        <test-method is-config="true" signature="quit()[pri:0, instance:com.AutomationTalks.demoProject.TestClass1@6404f418]" started-at="2023-09-07T15:08:31 IST" name="quit" finished-at="2023-09-07T15:08:31 IST" duration-ms="120" status="PASS">
          <reporter-output>
          </reporter-output>
        </test-method> <!-- quit -->
        <test-method is-config="true" signature="launchDriver()[pri:0, instance:com.AutomationTalks.demoProject.TestClass1@6404f418]" started-at="2023-09-07T15:08:31 IST" name="launchDriver" finished-at="2023-09-07T15:08:32 IST" duration-ms="915" status="PASS">
          <reporter-output>
          </reporter-output>
        </test-method> <!-- launchDriver -->
        <test-method signature="Test3()[pri:0, instance:com.AutomationTalks.demoProject.TestClass1@6404f418]" started-at="2023-09-07T15:08:32 IST" name="Test3" finished-at="2023-09-07T15:08:35 IST" duration-ms="2598" status="PASS">
          <reporter-output>
          </reporter-output>
        </test-method> <!-- Test3 -->
        <test-method is-config="true" signature="quit()[pri:0, instance:com.AutomationTalks.demoProject.TestClass1@6404f418]" started-at="2023-09-07T15:08:35 IST" name="quit" finished-at="2023-09-07T15:08:35 IST" duration-ms="118" status="PASS">
          <reporter-output>
          </reporter-output>
        </test-method> <!-- quit -->
      </class> <!-- com.AutomationTalks.demoProject.TestClass1 -->
    </test> <!-- Test -->
  </suite> <!-- Suite -->
</testng-results>
