<?xml version="1.0" encoding="UTF-8"?>
<testng-results ignored="0" total="3" passed="3" failed="0" skipped="0">
  <reporter-output>
  </reporter-output>
  <suite started-at="2023-09-07T15:06:56 IST" name="Suite" finished-at="2023-09-07T15:07:09 IST" duration-ms="12528">
    <groups>
    </groups>
    <test started-at="2023-09-07T15:06:56 IST" name="Test" finished-at="2023-09-07T15:07:09 IST" duration-ms="12528">
      <class name="com.AutomationTalks.demoProject.TestClass1">
        <test-method is-config="true" signature="launchDriver()[pri:0, instance:com.AutomationTalks.demoProject.TestClass1@196a42c3]" started-at="2023-09-07T15:06:56 IST" name="launchDriver" finished-at="2023-09-07T15:06:58 IST" duration-ms="1635" status="PASS">
          <reporter-output>
          </reporter-output>
        </test-method> <!-- launchDriver -->
        <test-method signature="Test1()[pri:0, instance:com.AutomationTalks.demoProject.TestClass1@196a42c3]" started-at="2023-09-07T15:06:58 IST" name="Test1" finished-at="2023-09-07T15:07:01 IST" duration-ms="3173" status="PASS">
          <reporter-output>
          </reporter-output>
        </test-method> <!-- Test1 -->
        <test-method is-config="true" signature="quit()[pri:0, instance:com.AutomationTalks.demoProject.TestClass1@196a42c3]" started-at="2023-09-07T15:07:01 IST" name="quit" finished-at="2023-09-07T15:07:01 IST" duration-ms="129" status="PASS">
          <reporter-output>
          </reporter-output>
        </test-method> <!-- quit -->
        <test-method is-config="true" signature="launchDriver()[pri:0, instance:com.AutomationTalks.demoProject.TestClass1@196a42c3]" started-at="2023-09-07T15:07:01 IST" name="launchDriver" finished-at="2023-09-07T15:07:02 IST" duration-ms="872" status="PASS">
          <reporter-output>
          </reporter-output>
        </test-method> <!-- launchDriver -->
        <test-method signature="Test2()[pri:0, instance:com.AutomationTalks.demoProject.TestClass1@196a42c3]" started-at="2023-09-07T15:07:02 IST" name="Test2" finished-at="2023-09-07T15:07:05 IST" duration-ms="2719" status="PASS">
          <reporter-output>
          </reporter-output>
        </test-method> <!-- Test2 -->
        <test-method is-config="true" signature="quit()[pri:0, instance:com.AutomationTalks.demoProject.TestClass1@196a42c3]" started-at="2023-09-07T15:07:05 IST" name="quit" finished-at="2023-09-07T15:07:05 IST" duration-ms="117" status="PASS">
          <reporter-output>
          </reporter-output>
        </test-method> <!-- quit -->
        <test-method is-config="true" signature="launchDriver()[pri:0, instance:com.AutomationTalks.demoProject.TestClass1@196a42c3]" started-at="2023-09-07T15:07:05 IST" name="launchDriver" finished-at="2023-09-07T15:07:06 IST" duration-ms="930" status="PASS">
          <reporter-output>
          </reporter-output>
        </test-method> <!-- launchDriver -->
        <test-method signature="Test3()[pri:0, instance:com.AutomationTalks.demoProject.TestClass1@196a42c3]" started-at="2023-09-07T15:07:06 IST" name="Test3" finished-at="2023-09-07T15:07:09 IST" duration-ms="2778" status="PASS">
          <reporter-output>
          </reporter-output>
        </test-method> <!-- Test3 -->
        <test-method is-config="true" signature="quit()[pri:0, instance:com.AutomationTalks.demoProject.TestClass1@196a42c3]" started-at="2023-09-07T15:07:09 IST" name="quit" finished-at="2023-09-07T15:07:09 IST" duration-ms="143" status="PASS">
          <reporter-output>
          </reporter-output>
        </test-method> <!-- quit -->
      </class> <!-- com.AutomationTalks.demoProject.TestClass1 -->
    </test> <!-- Test -->
  </suite> <!-- Suite -->
</testng-results>
